2026-04-25 10:22:06,912 ERROR: Exception on / [GET] [in /var/www/blagodat.org.ua/html/gracedb/venv/lib/python3.10/site-packages/flask/app.py:875]
Traceback (most recent call last):
  File "/var/www/blagodat.org.ua/html/gracedb/venv/lib/python3.10/site-packages/flask/app.py", line 1511, in wsgi_app
    response = self.full_dispatch_request()
  File "/var/www/blagodat.org.ua/html/gracedb/venv/lib/python3.10/site-packages/flask/app.py", line 919, in full_dispatch_request
    rv = self.handle_user_exception(e)
  File "/var/www/blagodat.org.ua/html/gracedb/venv/lib/python3.10/site-packages/flask/app.py", line 917, in full_dispatch_request
    rv = self.dispatch_request()
  File "/var/www/blagodat.org.ua/html/gracedb/venv/lib/python3.10/site-packages/flask/app.py", line 902, in dispatch_request
    return self.ensure_sync(self.view_functions[rule.endpoint])(**view_args)  # type: ignore[no-any-return]
  File "/var/www/blagodat.org.ua/html/gracedb/app.py", line 129, in index
    return render_template('index.html')
  File "/var/www/blagodat.org.ua/html/gracedb/venv/lib/python3.10/site-packages/flask/templating.py", line 151, in render_template
    return _render(app, template, context)
  File "/var/www/blagodat.org.ua/html/gracedb/venv/lib/python3.10/site-packages/flask/templating.py", line 132, in _render
    rv = template.render(context)
  File "/var/www/blagodat.org.ua/html/gracedb/venv/lib/python3.10/site-packages/jinja2/environment.py", line 1295, in render
    self.environment.handle_exception()
  File "/var/www/blagodat.org.ua/html/gracedb/venv/lib/python3.10/site-packages/jinja2/environment.py", line 942, in handle_exception
    raise rewrite_traceback_stack(source=source)
  File "/var/www/blagodat.org.ua/html/gracedb/templates/index.html", line 1, in top-level template code
    {% extends "base.html" %}
  File "/var/www/blagodat.org.ua/html/gracedb/templates/base.html", line 45, in top-level template code
    <body data-user-role="{{ session['user']['role'] }}">
  File "/var/www/blagodat.org.ua/html/gracedb/venv/lib/python3.10/site-packages/jinja2/environment.py", line 471, in getitem
    return obj[argument]
jinja2.exceptions.UndefinedError: 'werkzeug.local.LocalProxy object' has no attribute 'user'
2026-04-25 10:35:10,271 ERROR: Exception on / [GET] [in /var/www/blagodat.org.ua/html/gracedb/venv/lib/python3.10/site-packages/flask/app.py:875]
Traceback (most recent call last):
  File "/var/www/blagodat.org.ua/html/gracedb/venv/lib/python3.10/site-packages/flask/app.py", line 1511, in wsgi_app
    response = self.full_dispatch_request()
  File "/var/www/blagodat.org.ua/html/gracedb/venv/lib/python3.10/site-packages/flask/app.py", line 919, in full_dispatch_request
    rv = self.handle_user_exception(e)
  File "/var/www/blagodat.org.ua/html/gracedb/venv/lib/python3.10/site-packages/flask/app.py", line 917, in full_dispatch_request
    rv = self.dispatch_request()
  File "/var/www/blagodat.org.ua/html/gracedb/venv/lib/python3.10/site-packages/flask/app.py", line 902, in dispatch_request
    return self.ensure_sync(self.view_functions[rule.endpoint])(**view_args)  # type: ignore[no-any-return]
  File "/var/www/blagodat.org.ua/html/gracedb/app.py", line 129, in index
    # Декоратор для захисту маршрутів
  File "/var/www/blagodat.org.ua/html/gracedb/venv/lib/python3.10/site-packages/flask/templating.py", line 151, in render_template
    return _render(app, template, context)
  File "/var/www/blagodat.org.ua/html/gracedb/venv/lib/python3.10/site-packages/flask/templating.py", line 132, in _render
    rv = template.render(context)
  File "/var/www/blagodat.org.ua/html/gracedb/venv/lib/python3.10/site-packages/jinja2/environment.py", line 1295, in render
    self.environment.handle_exception()
  File "/var/www/blagodat.org.ua/html/gracedb/venv/lib/python3.10/site-packages/jinja2/environment.py", line 942, in handle_exception
    raise rewrite_traceback_stack(source=source)
  File "/var/www/blagodat.org.ua/html/gracedb/templates/index.html", line 1, in top-level template code
    {% extends "base.html" %}
  File "/var/www/blagodat.org.ua/html/gracedb/templates/base.html", line 45, in top-level template code
    <nav class="navbar navbar-expand-lg navbar-dark bg-dark">
  File "/var/www/blagodat.org.ua/html/gracedb/venv/lib/python3.10/site-packages/jinja2/environment.py", line 471, in getitem
    return obj[argument]
jinja2.exceptions.UndefinedError: 'werkzeug.local.LocalProxy object' has no attribute 'user'
